<?xml version="1.0" encoding="UTF-8"?>
<!-- Generated by org.testng.reporters.JUnitReportReporter -->
<testsuite hostname="DESKTOP-VLVDUG4" failures="0" tests="1" name="Test_PUT" time="2.314" errors="0" timestamp="2020-09-20T21:51:24 EDT" skipped="0">
  <testcase classname="Test_PUT" name="test_2_put" time="2.314"/>
  <system-out/>
</testsuite> <!-- Test_PUT -->
