<?xml version="1.0" encoding="UTF-8"?>
<!-- Generated by org.testng.reporters.JUnitReportReporter -->
<testsuite hostname="DESKTOP-VLVDUG4" failures="0" tests="1" name="Test_DELETE" time="2.254" errors="0" timestamp="2020-09-20T22:03:56 EDT" skipped="0">
  <testcase classname="Test_DELETE" name="test_4_delete" time="2.254"/>
  <system-out/>
</testsuite> <!-- Test_DELETE -->
