<?xml version="1.0" encoding="UTF-8"?>
<!-- Generated by org.testng.reporters.JUnitReportReporter -->
<testsuite hostname="DESKTOP-VLVDUG4" failures="0" tests="1" name="Test_PATCH" time="2.276" errors="0" timestamp="2020-09-20T21:57:01 EDT" skipped="0">
  <testcase classname="Test_PATCH" name="test_3_patch" time="2.276"/>
  <system-out/>
</testsuite> <!-- Test_PATCH -->
