<?xml version="1.0" encoding="UTF-8"?>
<!-- Generated by org.testng.reporters.JUnitReportReporter -->
<testsuite hostname="DESKTOP-VLVDUG4" failures="0" tests="1" name="Test_POST" time="2.303" errors="0" timestamp="2020-09-20T21:49:03 EDT" skipped="0">
  <testcase classname="Test_POST" name="test_1_post" time="2.303"/>
  <system-out/>
</testsuite> <!-- Test_POST -->
